Analysis & Synthesis report for check_conv
Tue Apr  8 20:53:42 2025
Quartus Prime Version 22.1std.0 Build 915 10/25/2022 SC Lite Edition


---------------------
; Table of Contents ;
---------------------
  1. Legal Notice
  2. Analysis & Synthesis Summary
  3. Analysis & Synthesis Settings
  4. Parallel Compilation
  5. Analysis & Synthesis Messages
  6. Analysis & Synthesis Suppressed Messages



----------------
; Legal Notice ;
----------------
Copyright (C) 2022  Intel Corporation. All rights reserved.
Your use of Intel Corporation's design tools, logic functions 
and other software and tools, and any partner logic 
functions, and any output files from any of the foregoing 
(including device programming or simulation files), and any 
associated documentation or information are expressly subject 
to the terms and conditions of the Intel Program License 
Subscription Agreement, the Intel Quartus Prime License Agreement,
the Intel FPGA IP License Agreement, or other applicable license
agreement, including, without limitation, that your use is for
the sole purpose of programming logic devices manufactured by
Intel and sold by Intel or its authorized distributors.  Please
refer to the applicable agreement for further details, at
https://fpgasoftware.intel.com/eula.



+------------------------------------------------------------------------------+
; Analysis & Synthesis Summary                                                 ;
+-----------------------------+------------------------------------------------+
; Analysis & Synthesis Status ; Failed - Tue Apr  8 20:53:42 2025              ;
; Quartus Prime Version       ; 22.1std.0 Build 915 10/25/2022 SC Lite Edition ;
; Revision Name               ; check_conv                                     ;
; Top-level Entity Name       ; t_lenet5                                       ;
; Family                      ; Cyclone V                                      ;
; Logic utilization (in ALMs) ; N/A until Partition Merge                      ;
; Total registers             ; N/A until Partition Merge                      ;
; Total pins                  ; N/A until Partition Merge                      ;
; Total virtual pins          ; N/A until Partition Merge                      ;
; Total block memory bits     ; N/A until Partition Merge                      ;
; Total PLLs                  ; N/A until Partition Merge                      ;
; Total DLLs                  ; N/A until Partition Merge                      ;
+-----------------------------+------------------------------------------------+


+---------------------------------------------------------------------------------------------------------------------------+
; Analysis & Synthesis Settings                                                                                             ;
+---------------------------------------------------------------------------------+--------------------+--------------------+
; Option                                                                          ; Setting            ; Default Value      ;
+---------------------------------------------------------------------------------+--------------------+--------------------+
; Device                                                                          ; 5CSXFC6D6F31C6     ;                    ;
; Top-level entity name                                                           ; t_lenet5           ; check_conv         ;
; Family name                                                                     ; Cyclone V          ; Cyclone V          ;
; Use smart compilation                                                           ; Off                ; Off                ;
; Enable parallel Assembler and Timing Analyzer during compilation                ; On                 ; On                 ;
; Enable compact report table                                                     ; Off                ; Off                ;
; Restructure Multiplexers                                                        ; Auto               ; Auto               ;
; MLAB Add Timing Constraints For Mixed-Port Feed-Through Mode Setting Don't Care ; Off                ; Off                ;
; Create Debugging Nodes for IP Cores                                             ; Off                ; Off                ;
; Preserve fewer node names                                                       ; On                 ; On                 ;
; Intel FPGA IP Evaluation Mode                                                   ; Enable             ; Enable             ;
; Verilog Version                                                                 ; Verilog_2001       ; Verilog_2001       ;
; VHDL Version                                                                    ; VHDL_1993          ; VHDL_1993          ;
; State Machine Processing                                                        ; Auto               ; Auto               ;
; Safe State Machine                                                              ; Off                ; Off                ;
; Extract Verilog State Machines                                                  ; On                 ; On                 ;
; Extract VHDL State Machines                                                     ; On                 ; On                 ;
; Ignore Verilog initial constructs                                               ; Off                ; Off                ;
; Iteration limit for constant Verilog loops                                      ; 5000               ; 5000               ;
; Iteration limit for non-constant Verilog loops                                  ; 250                ; 250                ;
; Add Pass-Through Logic to Inferred RAMs                                         ; On                 ; On                 ;
; Infer RAMs from Raw Logic                                                       ; On                 ; On                 ;
; Parallel Synthesis                                                              ; On                 ; On                 ;
; DSP Block Balancing                                                             ; Auto               ; Auto               ;
; NOT Gate Push-Back                                                              ; On                 ; On                 ;
; Power-Up Don't Care                                                             ; On                 ; On                 ;
; Remove Redundant Logic Cells                                                    ; Off                ; Off                ;
; Remove Duplicate Registers                                                      ; On                 ; On                 ;
; Ignore CARRY Buffers                                                            ; Off                ; Off                ;
; Ignore CASCADE Buffers                                                          ; Off                ; Off                ;
; Ignore GLOBAL Buffers                                                           ; Off                ; Off                ;
; Ignore ROW GLOBAL Buffers                                                       ; Off                ; Off                ;
; Ignore LCELL Buffers                                                            ; Off                ; Off                ;
; Ignore SOFT Buffers                                                             ; On                 ; On                 ;
; Limit AHDL Integers to 32 Bits                                                  ; Off                ; Off                ;
; Optimization Technique                                                          ; Balanced           ; Balanced           ;
; Carry Chain Length                                                              ; 70                 ; 70                 ;
; Auto Carry Chains                                                               ; On                 ; On                 ;
; Auto Open-Drain Pins                                                            ; On                 ; On                 ;
; Perform WYSIWYG Primitive Resynthesis                                           ; Off                ; Off                ;
; Auto ROM Replacement                                                            ; On                 ; On                 ;
; Auto RAM Replacement                                                            ; On                 ; On                 ;
; Auto DSP Block Replacement                                                      ; On                 ; On                 ;
; Auto Shift Register Replacement                                                 ; Auto               ; Auto               ;
; Allow Shift Register Merging across Hierarchies                                 ; Auto               ; Auto               ;
; Auto Clock Enable Replacement                                                   ; On                 ; On                 ;
; Strict RAM Replacement                                                          ; Off                ; Off                ;
; Allow Synchronous Control Signals                                               ; On                 ; On                 ;
; Force Use of Synchronous Clear Signals                                          ; Off                ; Off                ;
; Auto Resource Sharing                                                           ; Off                ; Off                ;
; Allow Any RAM Size For Recognition                                              ; Off                ; Off                ;
; Allow Any ROM Size For Recognition                                              ; Off                ; Off                ;
; Allow Any Shift Register Size For Recognition                                   ; Off                ; Off                ;
; Use LogicLock Constraints during Resource Balancing                             ; On                 ; On                 ;
; Ignore translate_off and synthesis_off directives                               ; Off                ; Off                ;
; Timing-Driven Synthesis                                                         ; On                 ; On                 ;
; Report Parameter Settings                                                       ; On                 ; On                 ;
; Report Source Assignments                                                       ; On                 ; On                 ;
; Report Connectivity Checks                                                      ; On                 ; On                 ;
; Ignore Maximum Fan-Out Assignments                                              ; Off                ; Off                ;
; Synchronization Register Chain Length                                           ; 3                  ; 3                  ;
; Power Optimization During Synthesis                                             ; Normal compilation ; Normal compilation ;
; HDL message level                                                               ; Level2             ; Level2             ;
; Suppress Register Optimization Related Messages                                 ; Off                ; Off                ;
; Number of Removed Registers Reported in Synthesis Report                        ; 5000               ; 5000               ;
; Number of Swept Nodes Reported in Synthesis Report                              ; 5000               ; 5000               ;
; Number of Inverted Registers Reported in Synthesis Report                       ; 100                ; 100                ;
; Clock MUX Protection                                                            ; On                 ; On                 ;
; Auto Gated Clock Conversion                                                     ; Off                ; Off                ;
; Block Design Naming                                                             ; Auto               ; Auto               ;
; SDC constraint protection                                                       ; Off                ; Off                ;
; Synthesis Effort                                                                ; Auto               ; Auto               ;
; Shift Register Replacement - Allow Asynchronous Clear Signal                    ; On                 ; On                 ;
; Pre-Mapping Resynthesis Optimization                                            ; Off                ; Off                ;
; Analysis & Synthesis Message Level                                              ; Medium             ; Medium             ;
; Disable Register Merging Across Hierarchies                                     ; Auto               ; Auto               ;
; Resource Aware Inference For Block RAM                                          ; On                 ; On                 ;
; Automatic Parallel Synthesis                                                    ; On                 ; On                 ;
; Partial Reconfiguration Bitstream ID                                            ; Off                ; Off                ;
+---------------------------------------------------------------------------------+--------------------+--------------------+


+------------------------------------------+
; Parallel Compilation                     ;
+----------------------------+-------------+
; Processors                 ; Number      ;
+----------------------------+-------------+
; Number detected on machine ; 20          ;
; Maximum allowed            ; 14          ;
;                            ;             ;
; Average used               ; 1.00        ;
; Maximum used               ; 1           ;
;                            ;             ;
; Usage by Processor         ; % Time Used ;
;     Processor 1            ; 100.0%      ;
+----------------------------+-------------+


+-------------------------------+
; Analysis & Synthesis Messages ;
+-------------------------------+
Info: *******************************************************************
Info: Running Quartus Prime Analysis & Synthesis
    Info: Version 22.1std.0 Build 915 10/25/2022 SC Lite Edition
    Info: Processing started: Tue Apr  8 20:53:37 2025
Info: Command: quartus_map --read_settings_files=on --write_settings_files=off check_conv -c check_conv
Warning (18236): Number of processors has not been specified which may cause overloading on shared machines.  Set the global assignment NUM_PARALLEL_PROCESSORS in your QSF to an appropriate value for best performance.
Info (20030): Parallel compilation is enabled and will use 14 of the 14 processors detected
Info (12021): Found 1 design units, including 1 entities, in source file /coding/lenet5-verilog-master/src/tb/t_lenet5.v
    Info (12023): Found entity 1: t_lenet5 File: D:/Coding/lenet5-verilog-master/src/tb/t_lenet5.v Line: 1
Info (12021): Found 1 design units, including 1 entities, in source file /coding/lenet5-verilog-master/src/tb/image_reader.v
    Info (12023): Found entity 1: image_reader File: D:/Coding/lenet5-verilog-master/src/tb/image_reader.v Line: 1
Info (12021): Found 1 design units, including 1 entities, in source file /coding/lenet5-verilog-master/src/rowbuffer.v
    Info (12023): Found entity 1: rowbuffer File: D:/Coding/lenet5-verilog-master/src/rowbuffer.v Line: 1
Info (12021): Found 1 design units, including 1 entities, in source file /coding/lenet5-verilog-master/src/row4buffer.v
    Info (12023): Found entity 1: row4buffer File: D:/Coding/lenet5-verilog-master/src/row4buffer.v Line: 1
Info (12021): Found 1 design units, including 1 entities, in source file /coding/lenet5-verilog-master/src/rom_params.v
    Info (12023): Found entity 1: rom_params File: D:/Coding/lenet5-verilog-master/src/rom_params.v Line: 1
Info (12021): Found 1 design units, including 1 entities, in source file /coding/lenet5-verilog-master/src/relu.v
    Info (12023): Found entity 1: ReLU File: D:/Coding/lenet5-verilog-master/src/relu.v Line: 1
Info (12021): Found 1 design units, including 1 entities, in source file /coding/lenet5-verilog-master/src/maxpool22.v
    Info (12023): Found entity 1: maxpool22 File: D:/Coding/lenet5-verilog-master/src/maxpool22.v Line: 1
Info (12021): Found 1 design units, including 1 entities, in source file /coding/lenet5-verilog-master/src/max_index_10.v
    Info (12023): Found entity 1: max_index_10 File: D:/Coding/lenet5-verilog-master/src/max_index_10.v Line: 1
Info (12021): Found 1 design units, including 1 entities, in source file /coding/lenet5-verilog-master/src/max.v
    Info (12023): Found entity 1: max File: D:/Coding/lenet5-verilog-master/src/max.v Line: 1
Info (12021): Found 1 design units, including 1 entities, in source file /coding/lenet5-verilog-master/src/lenet5.v
    Info (12023): Found entity 1: lenet5 File: D:/Coding/lenet5-verilog-master/src/lenet5.v Line: 1
Info (12021): Found 1 design units, including 1 entities, in source file /coding/lenet5-verilog-master/src/larger_index.v
    Info (12023): Found entity 1: larger_index File: D:/Coding/lenet5-verilog-master/src/larger_index.v Line: 1
Info (12021): Found 1 design units, including 1 entities, in source file /coding/lenet5-verilog-master/src/fc_120.v
    Info (12023): Found entity 1: fc_120 File: D:/Coding/lenet5-verilog-master/src/fc_120.v Line: 2
Info (12021): Found 1 design units, including 1 entities, in source file /coding/lenet5-verilog-master/src/fc_84.v
    Info (12023): Found entity 1: fc_84 File: D:/Coding/lenet5-verilog-master/src/fc_84.v Line: 2
Info (12021): Found 1 design units, including 1 entities, in source file /coding/lenet5-verilog-master/src/conv556.v
    Info (12023): Found entity 1: conv556 File: D:/Coding/lenet5-verilog-master/src/conv556.v Line: 1
Info (12021): Found 1 design units, including 1 entities, in source file /coding/lenet5-verilog-master/src/conv554.v
    Info (12023): Found entity 1: conv554 File: D:/Coding/lenet5-verilog-master/src/conv554.v Line: 1
Info (12021): Found 1 design units, including 1 entities, in source file /coding/lenet5-verilog-master/src/conv553.v
    Info (12023): Found entity 1: conv553 File: D:/Coding/lenet5-verilog-master/src/conv553.v Line: 1
Info (12021): Found 1 design units, including 1 entities, in source file /coding/lenet5-verilog-master/src/conv55_16.v
    Info (12023): Found entity 1: conv55_16 File: D:/Coding/lenet5-verilog-master/src/conv55_16.v Line: 2
Info (12021): Found 1 design units, including 1 entities, in source file /coding/lenet5-verilog-master/src/conv55.v
    Info (12023): Found entity 1: conv55 File: D:/Coding/lenet5-verilog-master/src/conv55.v Line: 1
Info (12021): Found 1 design units, including 1 entities, in source file /coding/lenet5-verilog-master/src/control.v
    Info (12023): Found entity 1: control File: D:/Coding/lenet5-verilog-master/src/control.v Line: 1
Warning (10222): Verilog HDL Parameter Declaration warning at lenet5.v(7): Parameter Declaration in module "lenet5" behaves as a Local Parameter Declaration because the module has a Module Parameter Port List File: D:/Coding/lenet5-verilog-master/src/lenet5.v Line: 7
Warning (10222): Verilog HDL Parameter Declaration warning at lenet5.v(9): Parameter Declaration in module "lenet5" behaves as a Local Parameter Declaration because the module has a Module Parameter Port List File: D:/Coding/lenet5-verilog-master/src/lenet5.v Line: 9
Warning (10222): Verilog HDL Parameter Declaration warning at lenet5.v(10): Parameter Declaration in module "lenet5" behaves as a Local Parameter Declaration because the module has a Module Parameter Port List File: D:/Coding/lenet5-verilog-master/src/lenet5.v Line: 10
Warning (10222): Verilog HDL Parameter Declaration warning at lenet5.v(11): Parameter Declaration in module "lenet5" behaves as a Local Parameter Declaration because the module has a Module Parameter Port List File: D:/Coding/lenet5-verilog-master/src/lenet5.v Line: 11
Warning (10222): Verilog HDL Parameter Declaration warning at lenet5.v(12): Parameter Declaration in module "lenet5" behaves as a Local Parameter Declaration because the module has a Module Parameter Port List File: D:/Coding/lenet5-verilog-master/src/lenet5.v Line: 12
Warning (10222): Verilog HDL Parameter Declaration warning at lenet5.v(13): Parameter Declaration in module "lenet5" behaves as a Local Parameter Declaration because the module has a Module Parameter Port List File: D:/Coding/lenet5-verilog-master/src/lenet5.v Line: 13
Warning (10222): Verilog HDL Parameter Declaration warning at lenet5.v(14): Parameter Declaration in module "lenet5" behaves as a Local Parameter Declaration because the module has a Module Parameter Port List File: D:/Coding/lenet5-verilog-master/src/lenet5.v Line: 14
Warning (10222): Verilog HDL Parameter Declaration warning at lenet5.v(16): Parameter Declaration in module "lenet5" behaves as a Local Parameter Declaration because the module has a Module Parameter Port List File: D:/Coding/lenet5-verilog-master/src/lenet5.v Line: 16
Warning (10222): Verilog HDL Parameter Declaration warning at lenet5.v(17): Parameter Declaration in module "lenet5" behaves as a Local Parameter Declaration because the module has a Module Parameter Port List File: D:/Coding/lenet5-verilog-master/src/lenet5.v Line: 17
Warning (10222): Verilog HDL Parameter Declaration warning at lenet5.v(18): Parameter Declaration in module "lenet5" behaves as a Local Parameter Declaration because the module has a Module Parameter Port List File: D:/Coding/lenet5-verilog-master/src/lenet5.v Line: 18
Warning (10222): Verilog HDL Parameter Declaration warning at lenet5.v(20): Parameter Declaration in module "lenet5" behaves as a Local Parameter Declaration because the module has a Module Parameter Port List File: D:/Coding/lenet5-verilog-master/src/lenet5.v Line: 20
Warning (10222): Verilog HDL Parameter Declaration warning at lenet5.v(21): Parameter Declaration in module "lenet5" behaves as a Local Parameter Declaration because the module has a Module Parameter Port List File: D:/Coding/lenet5-verilog-master/src/lenet5.v Line: 21
Warning (10222): Verilog HDL Parameter Declaration warning at lenet5.v(22): Parameter Declaration in module "lenet5" behaves as a Local Parameter Declaration because the module has a Module Parameter Port List File: D:/Coding/lenet5-verilog-master/src/lenet5.v Line: 22
Warning (10222): Verilog HDL Parameter Declaration warning at lenet5.v(23): Parameter Declaration in module "lenet5" behaves as a Local Parameter Declaration because the module has a Module Parameter Port List File: D:/Coding/lenet5-verilog-master/src/lenet5.v Line: 23
Warning (10222): Verilog HDL Parameter Declaration warning at lenet5.v(24): Parameter Declaration in module "lenet5" behaves as a Local Parameter Declaration because the module has a Module Parameter Port List File: D:/Coding/lenet5-verilog-master/src/lenet5.v Line: 24
Warning (10222): Verilog HDL Parameter Declaration warning at control.v(7): Parameter Declaration in module "control" behaves as a Local Parameter Declaration because the module has a Module Parameter Port List File: D:/Coding/lenet5-verilog-master/src/control.v Line: 7
Warning (10222): Verilog HDL Parameter Declaration warning at control.v(8): Parameter Declaration in module "control" behaves as a Local Parameter Declaration because the module has a Module Parameter Port List File: D:/Coding/lenet5-verilog-master/src/control.v Line: 8
Warning (10222): Verilog HDL Parameter Declaration warning at control.v(9): Parameter Declaration in module "control" behaves as a Local Parameter Declaration because the module has a Module Parameter Port List File: D:/Coding/lenet5-verilog-master/src/control.v Line: 9
Warning (10222): Verilog HDL Parameter Declaration warning at control.v(10): Parameter Declaration in module "control" behaves as a Local Parameter Declaration because the module has a Module Parameter Port List File: D:/Coding/lenet5-verilog-master/src/control.v Line: 10
Warning (10222): Verilog HDL Parameter Declaration warning at maxpool22.v(8): Parameter Declaration in module "maxpool22" behaves as a Local Parameter Declaration because the module has a Module Parameter Port List File: D:/Coding/lenet5-verilog-master/src/maxpool22.v Line: 8
Warning (10222): Verilog HDL Parameter Declaration warning at conv553.v(14): Parameter Declaration in module "conv553" behaves as a Local Parameter Declaration because the module has a Module Parameter Port List File: D:/Coding/lenet5-verilog-master/src/conv553.v Line: 14
Warning (10222): Verilog HDL Parameter Declaration warning at conv554.v(15): Parameter Declaration in module "conv554" behaves as a Local Parameter Declaration because the module has a Module Parameter Port List File: D:/Coding/lenet5-verilog-master/src/conv554.v Line: 15
Warning (10222): Verilog HDL Parameter Declaration warning at conv556.v(17): Parameter Declaration in module "conv556" behaves as a Local Parameter Declaration because the module has a Module Parameter Port List File: D:/Coding/lenet5-verilog-master/src/conv556.v Line: 17
Warning (10222): Verilog HDL Parameter Declaration warning at lenet5.v(339): Parameter Declaration in module "lenet5" behaves as a Local Parameter Declaration because the module has a Module Parameter Port List File: D:/Coding/lenet5-verilog-master/src/lenet5.v Line: 339
Warning (10222): Verilog HDL Parameter Declaration warning at conv55_16.v(26): Parameter Declaration in module "conv55_16" behaves as a Local Parameter Declaration because the module has a Module Parameter Port List File: D:/Coding/lenet5-verilog-master/src/conv55_16.v Line: 26
Info (12127): Elaborating entity "t_lenet5" for the top level hierarchy
Warning (10755): Verilog HDL warning at t_lenet5.v(8): assignments to clk create a combinational loop File: D:/Coding/lenet5-verilog-master/src/tb/t_lenet5.v Line: 8
Info (12128): Elaborating entity "image_reader" for hierarchy "image_reader:R1" File: D:/Coding/lenet5-verilog-master/src/tb/t_lenet5.v Line: 14
Error (10054): Verilog HDL File I/O error at image_reader.v(10): can't open Verilog Design File "image32x32.list" File: D:/Coding/lenet5-verilog-master/src/tb/image_reader.v Line: 10
Error (12152): Can't elaborate user hierarchy "image_reader:R1" File: D:/Coding/lenet5-verilog-master/src/tb/t_lenet5.v Line: 14
Info (144001): Generated suppressed messages file D:/Coding/lenet5-verilog-master/quartus/output_files/check_conv.map.smsg
Error: Quartus Prime Analysis & Synthesis was unsuccessful. 2 errors, 27 warnings
    Error: Peak virtual memory: 4787 megabytes
    Error: Processing ended: Tue Apr  8 20:53:42 2025
    Error: Elapsed time: 00:00:05
    Error: Total CPU time (on all processors): 00:00:12


+------------------------------------------+
; Analysis & Synthesis Suppressed Messages ;
+------------------------------------------+
The suppressed messages can be found in D:/Coding/lenet5-verilog-master/quartus/output_files/check_conv.map.smsg.


